[debug] [2021-10-01T23:10:23.209Z] ----------------------------------------------------------------------
[debug] [2021-10-01T23:10:23.215Z] Command:       C:\Program Files\nodejs\node.exe C:\Users\Gedeon\AppData\Roaming\npm\node_modules\firebase-tools\lib\bin\firebase.js init
[debug] [2021-10-01T23:10:23.217Z] CLI Version:   9.16.5
[debug] [2021-10-01T23:10:23.217Z] Platform:      win32
[debug] [2021-10-01T23:10:23.218Z] Node Version:  v14.15.5
[debug] [2021-10-01T23:10:23.219Z] Time:          Sat Oct 02 2021 01:10:23 GMT+0200 (South Africa Standard Time)
[debug] [2021-10-01T23:10:23.220Z] ----------------------------------------------------------------------
[debug] 
[debug] [2021-10-01T23:10:23.252Z] >>> [apiv2][query] GET https://firebase-public.firebaseio.com/cli.json [none]
[debug] [2021-10-01T23:10:23.502Z] > command requires scopes: ["email","openid","https://www.googleapis.com/auth/cloudplatformprojects.readonly","https://www.googleapis.com/auth/firebase","https://www.googleapis.com/auth/cloud-platform"]
[debug] [2021-10-01T23:10:23.502Z] > authorizing via signed-in user (nzemba48@gmail.com)
[info] 
     ######## #### ########  ######## ########     ###     ######  ########
     ##        ##  ##     ## ##       ##     ##  ##   ##  ##       ##
     ######    ##  ########  ######   ########  #########  ######  ######
     ##        ##  ##    ##  ##       ##     ## ##     ##       ## ##
     ##       #### ##     ## ######## ########  ##     ##  ######  ########

You're about to initialize a Firebase project in this directory:

  C:\Users\Gedeon\Music\shopit-master\frontend

Before we get started, keep in mind:

  * You are initializing within an existing Firebase project directory

[debug] [2021-10-01T23:10:24.500Z] <<< [apiv2][status] GET https://firebase-public.firebaseio.com/cli.json 200
[debug] [2021-10-01T23:10:24.501Z] <<< [apiv2][body] GET https://firebase-public.firebaseio.com/cli.json {"cloudBuildErrorAfter":1594252800000,"cloudBuildWarnAfter":1590019200000,"defaultNode10After":1594252800000,"minVersion":"3.0.5","node8DeploysDisabledAfter":1613390400000,"node8RuntimeDisabledAfter":1615809600000,"node8WarnAfter":1600128000000}
